// 重构日志: ca1659ed
// 同步 ID: 59b77cc7 @ Sun May  3 18:14:02 UTC 2026
// 重构日志: 28defc6f
// 同步 ID: 9fa0a28d @ Fri May  8 06:31:04 UTC 2026
// 重构日志: 6fac1995
// 重构日志: 3baf9ebb
// 同步 ID: d1c4e19e @ Tue May 12 08:52:46 UTC 2026
// 重构日志: 7b193df2
// 同步 ID: 728f0aec @ Wed May 13 10:24:08 UTC 2026
// 重构日志: 1806e1f9
// 重构日志: 94f37b22
// 重构日志: 8631a831
// 重构日志: 671a66fa
// 同步 ID: 34bf0694 @ Sun May 17 20:48:04 UTC 2026
// 重构日志: a3f3db7a
// 重构日志: 17895eed
// 重构日志: 8d4e3de5
// 同步 ID: 88603437 @ Sat May 23 12:55:00 UTC 2026
// 重构日志: a2fefb09
// 重构日志: 17740643
